<?xml version="1.0" encoding="UTF-8"?>
<testsuite xmlns:xsi="http://www.w3.org/2001/XMLSchema-instance" xsi:noNamespaceSchemaLocation="https://maven.apache.org/surefire/maven-surefire-plugin/xsd/surefire-test-report-3.0.xsd" version="3.0" name="de.happybavarian07.coolstufflib.menusystem.MenuTest" time="0.292" tests="4" errors="0" skipped="0" failures="0">
  <properties>
[...]
</properties>
  <testcase name="testMenuProperties" classname="de.happybavarian07.coolstufflib.menusystem.MenuTest" time="0.282"/>
  <testcase name="testGetInventory" classname="de.happybavarian07.coolstufflib.menusystem.MenuTest" time="0.003"/>
  <testcase name="testOpeningPermission" classname="de.happybavarian07.coolstufflib.menusystem.MenuTest" time="0.002"/>
  <testcase name="testMenuInitialization" classname="de.happybavarian07.coolstufflib.menusystem.MenuTest" time="0.002"/>
</testsuite>