<?xml version="1.0" encoding="UTF-8"?>
<testsuite xmlns:xsi="http://www.w3.org/2001/XMLSchema-instance" xsi:noNamespaceSchemaLocation="https://maven.apache.org/surefire/maven-surefire-plugin/xsd/surefire-test-report-3.0.xsd" version="3.0" name="de.happybavarian07.coolstufflib.configstuff.advanced.AdvancedPersistentConfigTest" time="0.296" tests="12" errors="0" skipped="0" failures="0">
  <properties>
    <property name="java.specification.version" value="17"/>
    <property name="sun.cpu.isalist" value="amd64"/>
    <property name="sun.jnu.encoding" value="Cp1252"/>
    <property name="java.class.path" value="E:\InteliJ Programs\CoolStuffLib\target\test-classes;E:\InteliJ Programs\CoolStuffLib\target\classes;C:\Users\quiri\.m2\repository\org\spigotmc\spigot-api\1.20-R0.1-SNAPSHOT\spigot-api-1.20-R0.1-SNAPSHOT.jar;C:\Users\quiri\.m2\repository\com\google\guava\guava\31.1-jre\guava-31.1-jre.jar;C:\Users\quiri\.m2\repository\com\google\guava\failureaccess\1.0.1\failureaccess-1.0.1.jar;C:\Users\quiri\.m2\repository\com\google\guava\listenablefuture\9999.0-empty-to-avoid-conflict-with-guava\listenablefuture-9999.0-empty-to-avoid-conflict-with-guava.jar;C:\Users\quiri\.m2\repository\com\google\code\findbugs\jsr305\3.0.2\jsr305-3.0.2.jar;C:\Users\quiri\.m2\repository\org\checkerframework\checker-qual\3.12.0\checker-qual-3.12.0.jar;C:\Users\quiri\.m2\repository\com\google\errorprone\error_prone_annotations\2.11.0\error_prone_annotations-2.11.0.jar;C:\Users\quiri\.m2\repository\com\google\j2objc\j2objc-annotations\1.3\j2objc-annotations-1.3.jar;C:\Users\quiri\.m2\repository\com\google\code\gson\gson\2.10\gson-2.10.jar;C:\Users\quiri\.m2\repository\org\joml\joml\1.10.5\joml-1.10.5.jar;C:\Users\quiri\.m2\repository\net\md-5\bungeecord-chat\1.16-R0.4\bungeecord-chat-1.16-R0.4.jar;C:\Users\quiri\.m2\repository\org\yaml\snakeyaml\2.0\snakeyaml-2.0.jar;C:\Users\quiri\.m2\repository\org\jetbrains\annotations\24.1.0\annotations-24.1.0.jar;C:\Users\quiri\.m2\repository\me\clip\placeholderapi\2.10.9\placeholderapi-2.10.9.jar;C:\Users\quiri\.m2\repository\junit\junit\4.13.1\junit-4.13.1.jar;C:\Users\quiri\.m2\repository\org\hamcrest\hamcrest-core\1.3\hamcrest-core-1.3.jar;C:\Users\quiri\.m2\repository\org\junit\jupiter\junit-jupiter-api\5.9.3\junit-jupiter-api-5.9.3.jar;C:\Users\quiri\.m2\repository\org\opentest4j\opentest4j\1.2.0\opentest4j-1.2.0.jar;C:\Users\quiri\.m2\repository\org\junit\platform\junit-platform-commons\1.9.3\junit-platform-commons-1.9.3.jar;C:\Users\quiri\.m2\repository\org\apiguardian\apiguardian-api\1.1.2\apiguardian-api-1.1.2.jar;C:\Users\quiri\.m2\repository\org\junit\jupiter\junit-jupiter-params\5.10.2\junit-jupiter-params-5.10.2.jar;C:\Users\quiri\.m2\repository\org\mockito\mockito-core\5.3.1\mockito-core-5.3.1.jar;C:\Users\quiri\.m2\repository\net\bytebuddy\byte-buddy\1.14.4\byte-buddy-1.14.4.jar;C:\Users\quiri\.m2\repository\net\bytebuddy\byte-buddy-agent\1.14.4\byte-buddy-agent-1.14.4.jar;C:\Users\quiri\.m2\repository\org\objenesis\objenesis\3.3\objenesis-3.3.jar;"/>
    <property name="java.vm.vendor" value="Oracle Corporation"/>
    <property name="sun.arch.data.model" value="64"/>
    <property name="user.variant" value=""/>
    <property name="java.vendor.url" value="https://java.oracle.com/"/>
    <property name="user.timezone" value="Europe/Berlin"/>
    <property name="os.name" value="Windows 10"/>
    <property name="java.vm.specification.version" value="17"/>
    <property name="sun.java.launcher" value="SUN_STANDARD"/>
    <property name="user.country" value="DE"/>
    <property name="sun.boot.library.path" value="E:\Weitere Minecraft Test Server\jdk-17.0.1\bin"/>
    <property name="sun.java.command" value="C:\Users\quiri\AppData\Local\Temp\surefire11394821496808918940\surefirebooter-20250802135402534_3.jar C:\Users\quiri\AppData\Local\Temp\surefire11394821496808918940 2025-08-02T13-54-02_215-jvmRun1 surefire-20250802135402534_1tmp surefire_0-20250802135402534_2tmp"/>
    <property name="jdk.debug" value="release"/>
    <property name="surefire.test.class.path" value="E:\InteliJ Programs\CoolStuffLib\target\test-classes;E:\InteliJ Programs\CoolStuffLib\target\classes;C:\Users\quiri\.m2\repository\org\spigotmc\spigot-api\1.20-R0.1-SNAPSHOT\spigot-api-1.20-R0.1-SNAPSHOT.jar;C:\Users\quiri\.m2\repository\com\google\guava\guava\31.1-jre\guava-31.1-jre.jar;C:\Users\quiri\.m2\repository\com\google\guava\failureaccess\1.0.1\failureaccess-1.0.1.jar;C:\Users\quiri\.m2\repository\com\google\guava\listenablefuture\9999.0-empty-to-avoid-conflict-with-guava\listenablefuture-9999.0-empty-to-avoid-conflict-with-guava.jar;C:\Users\quiri\.m2\repository\com\google\code\findbugs\jsr305\3.0.2\jsr305-3.0.2.jar;C:\Users\quiri\.m2\repository\org\checkerframework\checker-qual\3.12.0\checker-qual-3.12.0.jar;C:\Users\quiri\.m2\repository\com\google\errorprone\error_prone_annotations\2.11.0\error_prone_annotations-2.11.0.jar;C:\Users\quiri\.m2\repository\com\google\j2objc\j2objc-annotations\1.3\j2objc-annotations-1.3.jar;C:\Users\quiri\.m2\repository\com\google\code\gson\gson\2.10\gson-2.10.jar;C:\Users\quiri\.m2\repository\org\joml\joml\1.10.5\joml-1.10.5.jar;C:\Users\quiri\.m2\repository\net\md-5\bungeecord-chat\1.16-R0.4\bungeecord-chat-1.16-R0.4.jar;C:\Users\quiri\.m2\repository\org\yaml\snakeyaml\2.0\snakeyaml-2.0.jar;C:\Users\quiri\.m2\repository\org\jetbrains\annotations\24.1.0\annotations-24.1.0.jar;C:\Users\quiri\.m2\repository\me\clip\placeholderapi\2.10.9\placeholderapi-2.10.9.jar;C:\Users\quiri\.m2\repository\junit\junit\4.13.1\junit-4.13.1.jar;C:\Users\quiri\.m2\repository\org\hamcrest\hamcrest-core\1.3\hamcrest-core-1.3.jar;C:\Users\quiri\.m2\repository\org\junit\jupiter\junit-jupiter-api\5.9.3\junit-jupiter-api-5.9.3.jar;C:\Users\quiri\.m2\repository\org\opentest4j\opentest4j\1.2.0\opentest4j-1.2.0.jar;C:\Users\quiri\.m2\repository\org\junit\platform\junit-platform-commons\1.9.3\junit-platform-commons-1.9.3.jar;C:\Users\quiri\.m2\repository\org\apiguardian\apiguardian-api\1.1.2\apiguardian-api-1.1.2.jar;C:\Users\quiri\.m2\repository\org\junit\jupiter\junit-jupiter-params\5.10.2\junit-jupiter-params-5.10.2.jar;C:\Users\quiri\.m2\repository\org\mockito\mockito-core\5.3.1\mockito-core-5.3.1.jar;C:\Users\quiri\.m2\repository\net\bytebuddy\byte-buddy\1.14.4\byte-buddy-1.14.4.jar;C:\Users\quiri\.m2\repository\net\bytebuddy\byte-buddy-agent\1.14.4\byte-buddy-agent-1.14.4.jar;C:\Users\quiri\.m2\repository\org\objenesis\objenesis\3.3\objenesis-3.3.jar;"/>
    <property name="sun.cpu.endian" value="little"/>
    <property name="user.home" value="C:\Users\quiri"/>
    <property name="user.language" value="de"/>
    <property name="java.specification.vendor" value="Oracle Corporation"/>
    <property name="java.version.date" value="2021-10-19"/>
    <property name="java.home" value="E:\Weitere Minecraft Test Server\jdk-17.0.1"/>
    <property name="file.separator" value="\"/>
    <property name="basedir" value="E:\InteliJ Programs\CoolStuffLib"/>
    <property name="java.vm.compressedOopsMode" value="Zero based"/>
    <property name="line.separator" value="&#10;"/>
    <property name="java.vm.specification.vendor" value="Oracle Corporation"/>
    <property name="java.specification.name" value="Java Platform API Specification"/>
    <property name="surefire.real.class.path" value="C:\Users\quiri\AppData\Local\Temp\surefire11394821496808918940\surefirebooter-20250802135402534_3.jar"/>
    <property name="user.script" value=""/>
    <property name="sun.management.compiler" value="HotSpot 64-Bit Tiered Compilers"/>
    <property name="java.runtime.version" value="17.0.1+12-LTS-39"/>
    <property name="user.name" value="quiri"/>
    <property name="path.separator" value=";"/>
    <property name="os.version" value="10.0"/>
    <property name="java.runtime.name" value="Java(TM) SE Runtime Environment"/>
    <property name="file.encoding" value="Cp1252"/>
    <property name="java.vm.name" value="Java HotSpot(TM) 64-Bit Server VM"/>
    <property name="localRepository" value="C:\Users\quiri\.m2\repository"/>
    <property name="java.vendor.url.bug" value="https://bugreport.java.com/bugreport/"/>
    <property name="java.io.tmpdir" value="C:\Users\quiri\AppData\Local\Temp\"/>
    <property name="idea.version" value="2025.1.2"/>
    <property name="java.version" value="17.0.1"/>
    <property name="user.dir" value="E:\InteliJ Programs\CoolStuffLib"/>
    <property name="os.arch" value="amd64"/>
    <property name="java.vm.specification.name" value="Java Virtual Machine Specification"/>
    <property name="sun.os.patch.level" value=""/>
    <property name="native.encoding" value="Cp1252"/>
    <property name="java.library.path" value="E:\Weitere Minecraft Test Server\jdk-17.0.1\bin;C:\WINDOWS\Sun\Java\bin;C:\WINDOWS\system32;C:\WINDOWS;E:\anaconda3\condabin;D:\Program Files\NVIDIA GPU Computing Toolkit\CUDA\v12.6\bin;D:\Program Files\NVIDIA GPU Computing Toolkit\CUDA\v12.6\libnvvp;D:\Program Files\NVIDIA GPU Computing Toolkit\CUDA\v11.8\bin;D:\Program Files\NVIDIA GPU Computing Toolkit\CUDA\v11.8\libnvvp;C:\Program Files\Java\jdk-21\bin;C:\Program Files\Python\Python310\Scripts\;C:\Program Files\Python\Python310\;C:\Program Files\Python\Python310\Lib;C:\Program Files\Python\Python310\DLLs;C:\Windows\system32;C:\Windows;C:\Windows\System32\Wbem;C:\Windows\System32\WindowsPowerShell\v1.0\;C:\Windows\System32\OpenSSH\;C:\Program Files (x86)\NVIDIA Corporation\PhysX\Common;C:\Program Files (x86)\IVI Foundation\VISA\WinNT\Bin;C:\Program Files\dotnet\;C:\Program Files\Microsoft SQL Server\130\Tools\Binn\;C:\Program Files\Microsoft SQL Server\Client SDK\ODBC\170\Tools\Binn\;C:\WINDOWS\system32;C:\WINDOWS;C:\WINDOWS\System32\Wbem;C:\WINDOWS\System32\WindowsPowerShell\v1.0\;C:\WINDOWS\System32\OpenSSH\;C:\Program Files (x86)\dotnet\;C:\Program Files\NVIDIA Corporation\NVIDIA App\NvDLISR;C:\Program Files\NVIDIA Corporation\Nsight Compute 2022.3.0\;C:\Program Files\Docker\Docker\resources\bin;C:\Program Files (x86)\Nodist\bin;C:\Users\quiri\.cargo\bin;C:\Users\quiri\Documents\apache-maven-3.8.1\bin;C:\Test\ffmpeg-4.4-essentials_build\bin;C:\Windows\system32;C:\Windows;C:\Windows\System32\Wbem;C:\Windows\System32\WindowsPowerShell\v1.0\;C:\Windows\System32\OpenSSH\;C:\Program Files (x86)\NVIDIA Corporation\PhysX\Common;C:\Program Files\NVIDIA Corporation\NVIDIA NvDLISR;C:\Program Files (x86)\IVI Foundation\VISA\WinNT\Bin;C:\Program Files\dotnet\;C:\WINDOWS\system32;C:\WINDOWS;C:\WINDOWS\System32\Wbem;C:\WINDOWS\System32\WindowsPowerShell\v1.0\;C:\WINDOWS\System32\OpenSSH\;C:\Program Files (x86)\dotnet\;C:\Windows\system32;C:\Windows;C:\Windows\System32\Wbem;C:\Windows\System32\WindowsPowerShell\v1.0\;C:\Windows\System32\OpenSSH\;C:\Program Files (x86)\NVIDIA Corporation\PhysX\Common;C:\Program Files\NVIDIA Corporation\NVIDIA NvDLISR;C:\Users\quiri\AppData\Local\JetBrains\Toolbox\scripts;C:\Users\quiri\AppData\Local\Programs\Microsoft VS Code\bin;E:\VSCodeThings\.venv\Lib\site-packages\pywin32_system32\pywintypes38.dll;C:\Users\quiri\AppData\Local\GnuPG\bin\;C:\Users\quiri\AppData\Local\Programs\Git\cmd;C:\Users\quiri\AppData\Local\Android\sdk\platform-tools;E:\go1.24.0\go\bin;E:\platform-tools\build-tools\31.0.0;C:\Users\quiri\.lmstudio\bin;C:\Program Files (x86)\Microsoft Visual Studio\2019\Community\VC\Tools\MSVC\14.29.30133\bin\Hostx64\x64;C:\Users\quiri\PycharmProjects\RocketLeagueMLBot\execution\RLBotServer;C:\Users\quiri\.dotnet\tools;C:\Users\quiri\AppData\Local\Programs\cursor\resources\app\bin;."/>
    <property name="java.vm.info" value="mixed mode, sharing"/>
    <property name="java.vendor" value="Oracle Corporation"/>
    <property name="java.vm.version" value="17.0.1+12-LTS-39"/>
    <property name="sun.io.unicode.encoding" value="UnicodeLittle"/>
    <property name="java.class.version" value="61.0"/>
  </properties>
  <testcase name="testPersistence" classname="de.happybavarian07.coolstufflib.configstuff.advanced.AdvancedPersistentConfigTest" time="0.051">
    <system-err><![CDATA[Aug. 02, 2025 1:54:06 PM de.happybavarian07.coolstufflib.utils.PluginFileLogger writeToLog
INFO: [AdvancedPersistentConfigTest] Running testPersistence
]]></system-err>
  </testcase>
  <testcase name="testSpecializedSections" classname="de.happybavarian07.coolstufflib.configstuff.advanced.AdvancedPersistentConfigTest" time="0.022">
    <system-err><![CDATA[Aug. 02, 2025 1:54:06 PM de.happybavarian07.coolstufflib.utils.PluginFileLogger writeToLog
INFO: [AdvancedPersistentConfigTest] Running testSpecializedSections
Aug. 02, 2025 1:54:06 PM de.happybavarian07.coolstufflib.utils.PluginFileLogger writeToLog
INFO: [AdvancedPersistentConfigTest] Before save: permissions section type = ListSection
Aug. 02, 2025 1:54:06 PM de.happybavarian07.coolstufflib.utils.PluginFileLogger writeToLog
INFO: [AdvancedPersistentConfigTest] After load: permissions section type = ListSection
Aug. 02, 2025 1:54:06 PM de.happybavarian07.coolstufflib.utils.PluginFileLogger writeToLog
INFO: [AdvancedPersistentConfigTest] Before save: metadata section type = MapSection
Aug. 02, 2025 1:54:06 PM de.happybavarian07.coolstufflib.utils.PluginFileLogger writeToLog
INFO: [AdvancedPersistentConfigTest] After load: metadata section type = MapSection
]]></system-err>
  </testcase>
  <testcase name="testCorruptedFileHandling" classname="de.happybavarian07.coolstufflib.configstuff.advanced.AdvancedPersistentConfigTest" time="0.057">
    <system-err><![CDATA[Aug. 02, 2025 1:54:06 PM de.happybavarian07.coolstufflib.utils.PluginFileLogger writeToLog
INFO: [AdvancedPersistentConfigTest] Running testCorruptedFileHandling
Aug. 02, 2025 1:54:06 PM de.happybavarian07.coolstufflib.utils.PluginFileLogger writeToLog
SEVERE: [JsonConfigFileHandler] Error loading JSON file corrupted.json - com.google.gson.JsonSyntaxException: com.google.gson.stream.MalformedJsonException: Expected ':' at line 1 column 8 path $.this
    at com.google.gson.Gson.fromJson(Gson.java:1229)
    at com.google.gson.Gson.fromJson(Gson.java:1124)
    at com.google.gson.Gson.fromJson(Gson.java:1034)
    at com.google.gson.Gson.fromJson(Gson.java:969)
    at de.happybavarian07.coolstufflib.configstuff.advanced.filetypes.handlers.JsonConfigFileHandler.doLoad(JsonConfigFileHandler.java:122)
    at de.happybavarian07.coolstufflib.configstuff.advanced.filetypes.interfaces.AbstractConfigFileHandler.load(AbstractConfigFileHandler.java:96)
    at de.happybavarian07.coolstufflib.configstuff.advanced.AdvancedPersistentConfig.reload(AdvancedPersistentConfig.java:95)
    at de.happybavarian07.coolstufflib.configstuff.advanced.AdvancedPersistentConfig.initConfig(AdvancedPersistentConfig.java:32)
    at de.happybavarian07.coolstufflib.configstuff.advanced.AdvancedPersistentConfig.<init>(AdvancedPersistentConfig.java:26)
    at de.happybavarian07.coolstufflib.configstuff.advanced.AdvancedPersistentConfigTest.testCorruptedFileHandling(AdvancedPersistentConfigTest.java:391)
    at java.base/jdk.internal.reflect.NativeMethodAccessorImpl.invoke0(Native Method)
    at java.base/jdk.internal.reflect.NativeMethodAccessorImpl.invoke(NativeMethodAccessorImpl.java:77)
    at java.base/jdk.internal.reflect.DelegatingMethodAccessorImpl.invoke(DelegatingMethodAccessorImpl.java:43)
    at java.base/java.lang.reflect.Method.invoke(Method.java:568)
    at org.junit.platform.commons.util.ReflectionUtils.invokeMethod(ReflectionUtils.java:727)
    at org.junit.jupiter.engine.execution.MethodInvocation.proceed(MethodInvocation.java:60)
    at org.junit.jupiter.engine.execution.InvocationInterceptorChain$ValidatingInvocation.proceed(InvocationInterceptorChain.java:131)
    at org.junit.jupiter.engine.extension.TimeoutExtension.intercept(TimeoutExtension.java:156)
    at org.junit.jupiter.engine.extension.TimeoutExtension.interceptTestableMethod(TimeoutExtension.java:147)
    at org.junit.jupiter.engine.extension.TimeoutExtension.interceptTestMethod(TimeoutExtension.java:86)
    at org.junit.jupiter.engine.execution.InterceptingExecutableInvoker$ReflectiveInterceptorCall.lambda$ofVoidMethod$0(InterceptingExecutableInvoker.java:103)
    at org.junit.jupiter.engine.execution.InterceptingExecutableInvoker.lambda$invoke$0(InterceptingExecutableInvoker.java:93)
    at org.junit.jupiter.engine.execution.InvocationInterceptorChain$InterceptedInvocation.proceed(InvocationInterceptorChain.java:106)
    at org.junit.jupiter.engine.execution.InvocationInterceptorChain.proceed(InvocationInterceptorChain.java:64)
    at org.junit.jupiter.engine.execution.InvocationInterceptorChain.chainAndInvoke(InvocationInterceptorChain.java:45)
    at org.junit.jupiter.engine.execution.InvocationInterceptorChain.invoke(InvocationInterceptorChain.java:37)
    at org.junit.jupiter.engine.execution.InterceptingExecutableInvoker.invoke(InterceptingExecutableInvoker.java:92)
    at org.junit.jupiter.engine.execution.InterceptingExecutableInvoker.invoke(InterceptingExecutableInvoker.java:86)
    at org.junit.jupiter.engine.descriptor.TestMethodTestDescriptor.lambda$invokeTestMethod$7(TestMethodTestDescriptor.java:217)
    at org.junit.platform.engine.support.hierarchical.ThrowableCollector.execute(ThrowableCollector.java:73)
    at org.junit.jupiter.engine.descriptor.TestMethodTestDescriptor.invokeTestMethod(TestMethodTestDescriptor.java:213)
    at org.junit.jupiter.engine.descriptor.TestMethodTestDescriptor.execute(TestMethodTestDescriptor.java:138)
    at org.junit.jupiter.engine.descriptor.TestMethodTestDescriptor.execute(TestMethodTestDescriptor.java:68)
    at org.junit.platform.engine.support.hierarchical.NodeTestTask.lambda$executeRecursively$6(NodeTestTask.java:151)
    at org.junit.platform.engine.support.hierarchical.ThrowableCollector.execute(ThrowableCollector.java:73)
    at org.junit.platform.engine.support.hierarchical.NodeTestTask.lambda$executeRecursively$8(NodeTestTask.java:141)
    at org.junit.platform.engine.support.hierarchical.Node.around(Node.java:137)
    at org.junit.platform.engine.support.hierarchical.NodeTestTask.lambda$executeRecursively$9(NodeTestTask.java:139)
    at org.junit.platform.engine.support.hierarchical.ThrowableCollector.execute(ThrowableCollector.java:73)
    at org.junit.platform.engine.support.hierarchical.NodeTestTask.executeRecursively(NodeTestTask.java:138)
    at org.junit.platform.engine.support.hierarchical.NodeTestTask.execute(NodeTestTask.java:95)
    at java.base/java.util.ArrayList.forEach(ArrayList.java:1511)
    at org.junit.platform.engine.support.hierarchical.SameThreadHierarchicalTestExecutorService.invokeAll(SameThreadHierarchicalTestExecutorService.java:41)
    at org.junit.platform.engine.support.hierarchical.NodeTestTask.lambda$executeRecursively$6(NodeTestTask.java:155)
    at org.junit.platform.engine.support.hierarchical.ThrowableCollector.execute(ThrowableCollector.java:73)
    at org.junit.platform.engine.support.hierarchical.NodeTestTask.lambda$executeRecursively$8(NodeTestTask.java:141)
    at org.junit.platform.engine.support.hierarchical.Node.around(Node.java:137)
    at org.junit.platform.engine.support.hierarchical.NodeTestTask.lambda$executeRecursively$9(NodeTestTask.java:139)
    at org.junit.platform.engine.support.hierarchical.ThrowableCollector.execute(ThrowableCollector.java:73)
    at org.junit.platform.engine.support.hierarchical.NodeTestTask.executeRecursively(NodeTestTask.java:138)
    at org.junit.platform.engine.support.hierarchical.NodeTestTask.execute(NodeTestTask.java:95)
    at java.base/java.util.ArrayList.forEach(ArrayList.java:1511)
    at org.junit.platform.engine.support.hierarchical.SameThreadHierarchicalTestExecutorService.invokeAll(SameThreadHierarchicalTestExecutorService.java:41)
    at org.junit.platform.engine.support.hierarchical.NodeTestTask.lambda$executeRecursively$6(NodeTestTask.java:155)
    at org.junit.platform.engine.support.hierarchical.ThrowableCollector.execute(ThrowableCollector.java:73)
    at org.junit.platform.engine.support.hierarchical.NodeTestTask.lambda$executeRecursively$8(NodeTestTask.java:141)
    at org.junit.platform.engine.support.hierarchical.Node.around(Node.java:137)
    at org.junit.platform.engine.support.hierarchical.NodeTestTask.lambda$executeRecursively$9(NodeTestTask.java:139)
    at org.junit.platform.engine.support.hierarchical.ThrowableCollector.execute(ThrowableCollector.java:73)
    at org.junit.platform.engine.support.hierarchical.NodeTestTask.executeRecursively(NodeTestTask.java:138)
    at org.junit.platform.engine.support.hierarchical.NodeTestTask.execute(NodeTestTask.java:95)
    at org.junit.platform.engine.support.hierarchical.SameThreadHierarchicalTestExecutorService.submit(SameThreadHierarchicalTestExecutorService.java:35)
    at org.junit.platform.engine.support.hierarchical.HierarchicalTestExecutor.execute(HierarchicalTestExecutor.java:57)
    at org.junit.platform.engine.support.hierarchical.HierarchicalTestEngine.execute(HierarchicalTestEngine.java:54)
    at org.junit.platform.launcher.core.EngineExecutionOrchestrator.execute(EngineExecutionOrchestrator.java:147)
    at org.junit.platform.launcher.core.EngineExecutionOrchestrator.execute(EngineExecutionOrchestrator.java:127)
    at org.junit.platform.launcher.core.EngineExecutionOrchestrator.execute(EngineExecutionOrchestrator.java:90)
    at org.junit.platform.launcher.core.EngineExecutionOrchestrator.lambda$execute$0(EngineExecutionOrchestrator.java:55)
    at org.junit.platform.launcher.core.EngineExecutionOrchestrator.withInterceptedStreams(EngineExecutionOrchestrator.java:102)
    at org.junit.platform.launcher.core.EngineExecutionOrchestrator.execute(EngineExecutionOrchestrator.java:54)
    at org.junit.platform.launcher.core.DefaultLauncher.execute(DefaultLauncher.java:114)
    at org.junit.platform.launcher.core.DefaultLauncher.execute(DefaultLauncher.java:86)
    at org.junit.platform.launcher.core.DefaultLauncherSession$DelegatingLauncher.execute(DefaultLauncherSession.java:86)
    at org.apache.maven.surefire.junitplatform.LazyLauncher.execute(LazyLauncher.java:56)
    at org.apache.maven.surefire.junitplatform.JUnitPlatformProvider.execute(JUnitPlatformProvider.java:184)
    at org.apache.maven.surefire.junitplatform.JUnitPlatformProvider.invokeAllTests(JUnitPlatformProvider.java:148)
    at org.apache.maven.surefire.junitplatform.JUnitPlatformProvider.invoke(JUnitPlatformProvider.java:122)
    at org.apache.maven.surefire.booter.ForkedBooter.runSuitesInProcess(ForkedBooter.java:385)
    at org.apache.maven.surefire.booter.ForkedBooter.execute(ForkedBooter.java:162)
    at org.apache.maven.surefire.booter.ForkedBooter.run(ForkedBooter.java:507)
    at org.apache.maven.surefire.booter.ForkedBooter.main(ForkedBooter.java:495)
Error loading comments from JSON file corrupted.json: com.google.gson.stream.MalformedJsonException: Expected ':' at line 1 column 8 path $.
]]></system-err>
  </testcase>
  <testcase name="testBasicCrudOperations" classname="de.happybavarian07.coolstufflib.configstuff.advanced.AdvancedPersistentConfigTest" time="0.002">
    <system-err><![CDATA[Aug. 02, 2025 1:54:06 PM de.happybavarian07.coolstufflib.utils.PluginFileLogger writeToLog
INFO: [AdvancedPersistentConfigTest] Running testBasicCrudOperations
Aug. 02, 2025 1:54:06 PM de.happybavarian07.coolstufflib.utils.PluginFileLogger writeToLog
WARNING: [ConfigFileHandler] File is empty: TestOutputs\AdvancedPersistentConfigTest\testCrud.properties
]]></system-err>
  </testcase>
  <testcase name="testFileBackedEvents" classname="de.happybavarian07.coolstufflib.configstuff.advanced.AdvancedPersistentConfigTest" time="0.008">
    <system-err><![CDATA[Aug. 02, 2025 1:54:06 PM de.happybavarian07.coolstufflib.utils.PluginFileLogger writeToLog
INFO: [AdvancedPersistentConfigTest] Running testFileBackedEvents
]]></system-err>
  </testcase>
  <testcase name="testComplexStructurePersistence" classname="de.happybavarian07.coolstufflib.configstuff.advanced.AdvancedPersistentConfigTest" time="0.022">
    <system-err><![CDATA[Aug. 02, 2025 1:54:06 PM de.happybavarian07.coolstufflib.utils.PluginFileLogger writeToLog
INFO: [AdvancedPersistentConfigTest] Running testComplexStructurePersistence
Aug. 02, 2025 1:54:06 PM de.happybavarian07.coolstufflib.utils.PluginFileLogger writeToLog
INFO: [AdvancedPersistentConfigTest] Creating users section
Aug. 02, 2025 1:54:06 PM de.happybavarian07.coolstufflib.utils.PluginFileLogger writeToLog
INFO: [AdvancedPersistentConfigTest] Creating user1 (alice)
Aug. 02, 2025 1:54:06 PM de.happybavarian07.coolstufflib.utils.PluginFileLogger writeToLog
INFO: [AdvancedPersistentConfigTest] Creating user2 (bob)
Aug. 02, 2025 1:54:06 PM de.happybavarian07.coolstufflib.utils.PluginFileLogger writeToLog
INFO: [AdvancedPersistentConfigTest] Creating roles list section for alice
Aug. 02, 2025 1:54:06 PM de.happybavarian07.coolstufflib.utils.PluginFileLogger writeToLog
INFO: [AdvancedPersistentConfigTest] Before save: users section type = BaseConfigSection
Aug. 02, 2025 1:54:06 PM de.happybavarian07.coolstufflib.utils.PluginFileLogger writeToLog
INFO: [AdvancedPersistentConfigTest] Config saved to file: E:\InteliJ Programs\CoolStuffLib\TestOutputs\AdvancedPersistentConfigTest\testComplex.properties
Aug. 02, 2025 1:54:06 PM de.happybavarian07.coolstufflib.utils.PluginFileLogger writeToLog
INFO: [AdvancedPersistentConfigTest] Config reloaded from file: E:\InteliJ Programs\CoolStuffLib\TestOutputs\AdvancedPersistentConfigTest\testComplex.properties
Aug. 02, 2025 1:54:06 PM de.happybavarian07.coolstufflib.utils.PluginFileLogger writeToLog
INFO: [AdvancedPersistentConfigTest] Checking existence of users, users.alice, users.bob sections
Aug. 02, 2025 1:54:06 PM de.happybavarian07.coolstufflib.utils.PluginFileLogger writeToLog
INFO: [AdvancedPersistentConfigTest] Verifying alice's properties
Aug. 02, 2025 1:54:06 PM de.happybavarian07.coolstufflib.utils.PluginFileLogger writeToLog
INFO: [AdvancedPersistentConfigTest] Verifying bob's properties
Aug. 02, 2025 1:54:06 PM de.happybavarian07.coolstufflib.utils.PluginFileLogger writeToLog
INFO: [AdvancedPersistentConfigTest] Loaded users: [alice.roles.1, bob.age, alice.age, alice.active, alice.roles.0, bob, bob.active, alice.name, alice.roles, bob.name, alice]
Aug. 02, 2025 1:54:06 PM de.happybavarian07.coolstufflib.utils.PluginFileLogger writeToLog
INFO: [AdvancedPersistentConfigTest] Loaded alice roles: [0, 1]
Aug. 02, 2025 1:54:06 PM de.happybavarian07.coolstufflib.utils.PluginFileLogger writeToLog
INFO: [AdvancedPersistentConfigTest] Loaded roles for alice: [admin, user]
]]></system-err>
  </testcase>
  <testcase name="testTypedAccessors" classname="de.happybavarian07.coolstufflib.configstuff.advanced.AdvancedPersistentConfigTest" time="0.003">
    <system-err><![CDATA[Aug. 02, 2025 1:54:06 PM de.happybavarian07.coolstufflib.utils.PluginFileLogger writeToLog
INFO: [AdvancedPersistentConfigTest] Running testTypedAccessors
Aug. 02, 2025 1:54:06 PM de.happybavarian07.coolstufflib.utils.PluginFileLogger writeToLog
WARNING: [ConfigFileHandler] File is empty: TestOutputs\AdvancedPersistentConfigTest\testTyped.properties
]]></system-err>
  </testcase>
  <testcase name="testFileIO" classname="de.happybavarian07.coolstufflib.configstuff.advanced.AdvancedPersistentConfigTest" time="0.008">
    <system-err><![CDATA[Aug. 02, 2025 1:54:06 PM de.happybavarian07.coolstufflib.utils.PluginFileLogger writeToLog
INFO: [AdvancedPersistentConfigTest] Running testFileIO
]]></system-err>
  </testcase>
  <testcase name="testFileTypeAutoDetection" classname="de.happybavarian07.coolstufflib.configstuff.advanced.AdvancedPersistentConfigTest" time="0.076">
    <system-err><![CDATA[Aug. 02, 2025 1:54:06 PM de.happybavarian07.coolstufflib.utils.PluginFileLogger writeToLog
INFO: [AdvancedPersistentConfigTest] Running testFileTypeAutoDetection
]]></system-err>
  </testcase>
  <testcase name="testReload" classname="de.happybavarian07.coolstufflib.configstuff.advanced.AdvancedPersistentConfigTest" time="0.025">
    <system-err><![CDATA[Aug. 02, 2025 1:54:06 PM de.happybavarian07.coolstufflib.utils.PluginFileLogger writeToLog
INFO: [AdvancedPersistentConfigTest] Running testReload
]]></system-err>
  </testcase>
  <testcase name="testSectionOperations" classname="de.happybavarian07.coolstufflib.configstuff.advanced.AdvancedPersistentConfigTest" time="0.003">
    <system-err><![CDATA[Aug. 02, 2025 1:54:06 PM de.happybavarian07.coolstufflib.utils.PluginFileLogger writeToLog
INFO: [AdvancedPersistentConfigTest] Running testSectionOperations
Aug. 02, 2025 1:54:06 PM de.happybavarian07.coolstufflib.utils.PluginFileLogger writeToLog
WARNING: [ConfigFileHandler] File is empty: TestOutputs\AdvancedPersistentConfigTest\testSections.properties
]]></system-err>
  </testcase>
  <testcase name="testNestedStructurePersistence" classname="de.happybavarian07.coolstufflib.configstuff.advanced.AdvancedPersistentConfigTest" time="0.012">
    <system-out><![CDATA[All Keys: [app, app.database.credentials.user, app.database.port, app.database.credentials.password, app.features.enabled.2, app.features.enabled.1, app.database.credentials, app.features.enabled, app.version, app.features, app.features.enabled.0, app.database.host, app.database, app.name]
Credentials Keys: [password, user]
]]></system-out>
    <system-err><![CDATA[Aug. 02, 2025 1:54:06 PM de.happybavarian07.coolstufflib.utils.PluginFileLogger writeToLog
INFO: [AdvancedPersistentConfigTest] Running testNestedStructurePersistence
]]></system-err>
  </testcase>
</testsuite>