<?xml version="1.0" encoding="UTF-8"?>
<testsuite xmlns:xsi="http://www.w3.org/2001/XMLSchema-instance" xsi:noNamespaceSchemaLocation="https://maven.apache.org/surefire/maven-surefire-plugin/xsd/surefire-test-report-3.0.xsd" version="3.0" name="de.happybavarian07.coolstufflib.configstuff.advanced.AdvancedPersistentConfigTest" time="0.296" tests="12" errors="0" skipped="0" failures="0">
  <properties>
[...]
</properties>
  <testcase name="testPersistence" classname="de.happybavarian07.coolstufflib.configstuff.advanced.AdvancedPersistentConfigTest" time="0.051">
    <system-err><![CDATA[Aug. 02, 2025 1:54:06 PM de.happybavarian07.coolstufflib.utils.PluginFileLogger writeToLog
INFO: [AdvancedPersistentConfigTest] Running testPersistence
]]></system-err>
  </testcase>
  <testcase name="testSpecializedSections" classname="de.happybavarian07.coolstufflib.configstuff.advanced.AdvancedPersistentConfigTest" time="0.022">
    <system-err><![CDATA[Aug. 02, 2025 1:54:06 PM de.happybavarian07.coolstufflib.utils.PluginFileLogger writeToLog
INFO: [AdvancedPersistentConfigTest] Running testSpecializedSections
Aug. 02, 2025 1:54:06 PM de.happybavarian07.coolstufflib.utils.PluginFileLogger writeToLog
INFO: [AdvancedPersistentConfigTest] Before save: permissions section type = ListSection
Aug. 02, 2025 1:54:06 PM de.happybavarian07.coolstufflib.utils.PluginFileLogger writeToLog
INFO: [AdvancedPersistentConfigTest] After load: permissions section type = ListSection
Aug. 02, 2025 1:54:06 PM de.happybavarian07.coolstufflib.utils.PluginFileLogger writeToLog
INFO: [AdvancedPersistentConfigTest] Before save: metadata section type = MapSection
Aug. 02, 2025 1:54:06 PM de.happybavarian07.coolstufflib.utils.PluginFileLogger writeToLog
INFO: [AdvancedPersistentConfigTest] After load: metadata section type = MapSection
]]></system-err>
  </testcase>
  <testcase name="testCorruptedFileHandling" classname="de.happybavarian07.coolstufflib.configstuff.advanced.AdvancedPersistentConfigTest" time="0.057">
    <system-err><![CDATA[Aug. 02, 2025 1:54:06 PM de.happybavarian07.coolstufflib.utils.PluginFileLogger writeToLog
INFO: [AdvancedPersistentConfigTest] Running testCorruptedFileHandling
Aug. 02, 2025 1:54:06 PM de.happybavarian07.coolstufflib.utils.PluginFileLogger writeToLog
SEVERE: [JsonConfigFileHandler] Error loading JSON file corrupted.json - com.google.gson.JsonSyntaxException: com.google.gson.stream.MalformedJsonException: Expected ':' at line 1 column 8 path $.this
    at com.google.gson.Gson.fromJson(Gson.java:1229)
    at com.google.gson.Gson.fromJson(Gson.java:1124)
    at com.google.gson.Gson.fromJson(Gson.java:1034)
    at com.google.gson.Gson.fromJson(Gson.java:969)
    at de.happybavarian07.coolstufflib.configstuff.advanced.filetypes.handlers.JsonConfigFileHandler.doLoad(JsonConfigFileHandler.java:122)
    at de.happybavarian07.coolstufflib.configstuff.advanced.filetypes.interfaces.AbstractConfigFileHandler.load(AbstractConfigFileHandler.java:96)
    at de.happybavarian07.coolstufflib.configstuff.advanced.AdvancedPersistentConfig.reload(AdvancedPersistentConfig.java:95)
    at de.happybavarian07.coolstufflib.configstuff.advanced.AdvancedPersistentConfig.initConfig(AdvancedPersistentConfig.java:32)
    at de.happybavarian07.coolstufflib.configstuff.advanced.AdvancedPersistentConfig.<init>(AdvancedPersistentConfig.java:26)
    at de.happybavarian07.coolstufflib.configstuff.advanced.AdvancedPersistentConfigTest.testCorruptedFileHandling(AdvancedPersistentConfigTest.java:391)
    at java.base/jdk.internal.reflect.NativeMethodAccessorImpl.invoke0(Native Method)
    at java.base/jdk.internal.reflect.NativeMethodAccessorImpl.invoke(NativeMethodAccessorImpl.java:77)
    at java.base/jdk.internal.reflect.DelegatingMethodAccessorImpl.invoke(DelegatingMethodAccessorImpl.java:43)
    at java.base/java.lang.reflect.Method.invoke(Method.java:568)
    at org.junit.platform.commons.util.ReflectionUtils.invokeMethod(ReflectionUtils.java:727)
    at org.junit.jupiter.engine.execution.MethodInvocation.proceed(MethodInvocation.java:60)
    at org.junit.jupiter.engine.execution.InvocationInterceptorChain$ValidatingInvocation.proceed(InvocationInterceptorChain.java:131)
    at org.junit.jupiter.engine.extension.TimeoutExtension.intercept(TimeoutExtension.java:156)
    at org.junit.jupiter.engine.extension.TimeoutExtension.interceptTestableMethod(TimeoutExtension.java:147)
    at org.junit.jupiter.engine.extension.TimeoutExtension.interceptTestMethod(TimeoutExtension.java:86)
    at org.junit.jupiter.engine.execution.InterceptingExecutableInvoker$ReflectiveInterceptorCall.lambda$ofVoidMethod$0(InterceptingExecutableInvoker.java:103)
    at org.junit.jupiter.engine.execution.InterceptingExecutableInvoker.lambda$invoke$0(InterceptingExecutableInvoker.java:93)
    at org.junit.jupiter.engine.execution.InvocationInterceptorChain$InterceptedInvocation.proceed(InvocationInterceptorChain.java:106)
    at org.junit.jupiter.engine.execution.InvocationInterceptorChain.proceed(InvocationInterceptorChain.java:64)
    at org.junit.jupiter.engine.execution.InvocationInterceptorChain.chainAndInvoke(InvocationInterceptorChain.java:45)
    at org.junit.jupiter.engine.execution.InvocationInterceptorChain.invoke(InvocationInterceptorChain.java:37)
    at org.junit.jupiter.engine.execution.InterceptingExecutableInvoker.invoke(InterceptingExecutableInvoker.java:92)
    at org.junit.jupiter.engine.execution.InterceptingExecutableInvoker.invoke(InterceptingExecutableInvoker.java:86)
    at org.junit.jupiter.engine.descriptor.TestMethodTestDescriptor.lambda$invokeTestMethod$7(TestMethodTestDescriptor.java:217)
    at org.junit.platform.engine.support.hierarchical.ThrowableCollector.execute(ThrowableCollector.java:73)
    at org.junit.jupiter.engine.descriptor.TestMethodTestDescriptor.invokeTestMethod(TestMethodTestDescriptor.java:213)
    at org.junit.jupiter.engine.descriptor.TestMethodTestDescriptor.execute(TestMethodTestDescriptor.java:138)
    at org.junit.jupiter.engine.descriptor.TestMethodTestDescriptor.execute(TestMethodTestDescriptor.java:68)
    at org.junit.platform.engine.support.hierarchical.NodeTestTask.lambda$executeRecursively$6(NodeTestTask.java:151)
    at org.junit.platform.engine.support.hierarchical.ThrowableCollector.execute(ThrowableCollector.java:73)
    at org.junit.platform.engine.support.hierarchical.NodeTestTask.lambda$executeRecursively$8(NodeTestTask.java:141)
    at org.junit.platform.engine.support.hierarchical.Node.around(Node.java:137)
    at org.junit.platform.engine.support.hierarchical.NodeTestTask.lambda$executeRecursively$9(NodeTestTask.java:139)
    at org.junit.platform.engine.support.hierarchical.ThrowableCollector.execute(ThrowableCollector.java:73)
    at org.junit.platform.engine.support.hierarchical.NodeTestTask.executeRecursively(NodeTestTask.java:138)
    at org.junit.platform.engine.support.hierarchical.NodeTestTask.execute(NodeTestTask.java:95)
    at java.base/java.util.ArrayList.forEach(ArrayList.java:1511)
    at org.junit.platform.engine.support.hierarchical.SameThreadHierarchicalTestExecutorService.invokeAll(SameThreadHierarchicalTestExecutorService.java:41)
    at org.junit.platform.engine.support.hierarchical.NodeTestTask.lambda$executeRecursively$6(NodeTestTask.java:155)
    at org.junit.platform.engine.support.hierarchical.ThrowableCollector.execute(ThrowableCollector.java:73)
    at org.junit.platform.engine.support.hierarchical.NodeTestTask.lambda$executeRecursively$8(NodeTestTask.java:141)
    at org.junit.platform.engine.support.hierarchical.Node.around(Node.java:137)
    at org.junit.platform.engine.support.hierarchical.NodeTestTask.lambda$executeRecursively$9(NodeTestTask.java:139)
    at org.junit.platform.engine.support.hierarchical.ThrowableCollector.execute(ThrowableCollector.java:73)
    at org.junit.platform.engine.support.hierarchical.NodeTestTask.executeRecursively(NodeTestTask.java:138)
    at org.junit.platform.engine.support.hierarchical.NodeTestTask.execute(NodeTestTask.java:95)
    at java.base/java.util.ArrayList.forEach(ArrayList.java:1511)
    at org.junit.platform.engine.support.hierarchical.SameThreadHierarchicalTestExecutorService.invokeAll(SameThreadHierarchicalTestExecutorService.java:41)
    at org.junit.platform.engine.support.hierarchical.NodeTestTask.lambda$executeRecursively$6(NodeTestTask.java:155)
    at org.junit.platform.engine.support.hierarchical.ThrowableCollector.execute(ThrowableCollector.java:73)
    at org.junit.platform.engine.support.hierarchical.NodeTestTask.lambda$executeRecursively$8(NodeTestTask.java:141)
    at org.junit.platform.engine.support.hierarchical.Node.around(Node.java:137)
    at org.junit.platform.engine.support.hierarchical.NodeTestTask.lambda$executeRecursively$9(NodeTestTask.java:139)
    at org.junit.platform.engine.support.hierarchical.ThrowableCollector.execute(ThrowableCollector.java:73)
    at org.junit.platform.engine.support.hierarchical.NodeTestTask.executeRecursively(NodeTestTask.java:138)
    at org.junit.platform.engine.support.hierarchical.NodeTestTask.execute(NodeTestTask.java:95)
    at org.junit.platform.engine.support.hierarchical.SameThreadHierarchicalTestExecutorService.submit(SameThreadHierarchicalTestExecutorService.java:35)
    at org.junit.platform.engine.support.hierarchical.HierarchicalTestExecutor.execute(HierarchicalTestExecutor.java:57)
    at org.junit.platform.engine.support.hierarchical.HierarchicalTestEngine.execute(HierarchicalTestEngine.java:54)
    at org.junit.platform.launcher.core.EngineExecutionOrchestrator.execute(EngineExecutionOrchestrator.java:147)
    at org.junit.platform.launcher.core.EngineExecutionOrchestrator.execute(EngineExecutionOrchestrator.java:127)
    at org.junit.platform.launcher.core.EngineExecutionOrchestrator.execute(EngineExecutionOrchestrator.java:90)
    at org.junit.platform.launcher.core.EngineExecutionOrchestrator.lambda$execute$0(EngineExecutionOrchestrator.java:55)
    at org.junit.platform.launcher.core.EngineExecutionOrchestrator.withInterceptedStreams(EngineExecutionOrchestrator.java:102)
    at org.junit.platform.launcher.core.EngineExecutionOrchestrator.execute(EngineExecutionOrchestrator.java:54)
    at org.junit.platform.launcher.core.DefaultLauncher.execute(DefaultLauncher.java:114)
    at org.junit.platform.launcher.core.DefaultLauncher.execute(DefaultLauncher.java:86)
    at org.junit.platform.launcher.core.DefaultLauncherSession$DelegatingLauncher.execute(DefaultLauncherSession.java:86)
    at org.apache.maven.surefire.junitplatform.LazyLauncher.execute(LazyLauncher.java:56)
    at org.apache.maven.surefire.junitplatform.JUnitPlatformProvider.execute(JUnitPlatformProvider.java:184)
    at org.apache.maven.surefire.junitplatform.JUnitPlatformProvider.invokeAllTests(JUnitPlatformProvider.java:148)
    at org.apache.maven.surefire.junitplatform.JUnitPlatformProvider.invoke(JUnitPlatformProvider.java:122)
    at org.apache.maven.surefire.booter.ForkedBooter.runSuitesInProcess(ForkedBooter.java:385)
    at org.apache.maven.surefire.booter.ForkedBooter.execute(ForkedBooter.java:162)
    at org.apache.maven.surefire.booter.ForkedBooter.run(ForkedBooter.java:507)
    at org.apache.maven.surefire.booter.ForkedBooter.main(ForkedBooter.java:495)
Error loading comments from JSON file corrupted.json: com.google.gson.stream.MalformedJsonException: Expected ':' at line 1 column 8 path $.
]]></system-err>
  </testcase>
  <testcase name="testBasicCrudOperations" classname="de.happybavarian07.coolstufflib.configstuff.advanced.AdvancedPersistentConfigTest" time="0.002">
    <system-err><![CDATA[Aug. 02, 2025 1:54:06 PM de.happybavarian07.coolstufflib.utils.PluginFileLogger writeToLog
INFO: [AdvancedPersistentConfigTest] Running testBasicCrudOperations
Aug. 02, 2025 1:54:06 PM de.happybavarian07.coolstufflib.utils.PluginFileLogger writeToLog
WARNING: [ConfigFileHandler] File is empty: TestOutputs\AdvancedPersistentConfigTest\testCrud.properties
]]></system-err>
  </testcase>
  <testcase name="testFileBackedEvents" classname="de.happybavarian07.coolstufflib.configstuff.advanced.AdvancedPersistentConfigTest" time="0.008">
    <system-err><![CDATA[Aug. 02, 2025 1:54:06 PM de.happybavarian07.coolstufflib.utils.PluginFileLogger writeToLog
INFO: [AdvancedPersistentConfigTest] Running testFileBackedEvents
]]></system-err>
  </testcase>
  <testcase name="testComplexStructurePersistence" classname="de.happybavarian07.coolstufflib.configstuff.advanced.AdvancedPersistentConfigTest" time="0.022">
    <system-err><![CDATA[Aug. 02, 2025 1:54:06 PM de.happybavarian07.coolstufflib.utils.PluginFileLogger writeToLog
INFO: [AdvancedPersistentConfigTest] Running testComplexStructurePersistence
Aug. 02, 2025 1:54:06 PM de.happybavarian07.coolstufflib.utils.PluginFileLogger writeToLog
INFO: [AdvancedPersistentConfigTest] Creating users section
Aug. 02, 2025 1:54:06 PM de.happybavarian07.coolstufflib.utils.PluginFileLogger writeToLog
INFO: [AdvancedPersistentConfigTest] Creating user1 (alice)
Aug. 02, 2025 1:54:06 PM de.happybavarian07.coolstufflib.utils.PluginFileLogger writeToLog
INFO: [AdvancedPersistentConfigTest] Creating user2 (bob)
Aug. 02, 2025 1:54:06 PM de.happybavarian07.coolstufflib.utils.PluginFileLogger writeToLog
INFO: [AdvancedPersistentConfigTest] Creating roles list section for alice
Aug. 02, 2025 1:54:06 PM de.happybavarian07.coolstufflib.utils.PluginFileLogger writeToLog
INFO: [AdvancedPersistentConfigTest] Before save: users section type = BaseConfigSection
Aug. 02, 2025 1:54:06 PM de.happybavarian07.coolstufflib.utils.PluginFileLogger writeToLog
INFO: [AdvancedPersistentConfigTest] Config saved to file: E:\InteliJ Programs\CoolStuffLib\TestOutputs\AdvancedPersistentConfigTest\testComplex.properties
Aug. 02, 2025 1:54:06 PM de.happybavarian07.coolstufflib.utils.PluginFileLogger writeToLog
INFO: [AdvancedPersistentConfigTest] Config reloaded from file: E:\InteliJ Programs\CoolStuffLib\TestOutputs\AdvancedPersistentConfigTest\testComplex.properties
Aug. 02, 2025 1:54:06 PM de.happybavarian07.coolstufflib.utils.PluginFileLogger writeToLog
INFO: [AdvancedPersistentConfigTest] Checking existence of users, users.alice, users.bob sections
Aug. 02, 2025 1:54:06 PM de.happybavarian07.coolstufflib.utils.PluginFileLogger writeToLog
INFO: [AdvancedPersistentConfigTest] Verifying alice's properties
Aug. 02, 2025 1:54:06 PM de.happybavarian07.coolstufflib.utils.PluginFileLogger writeToLog
INFO: [AdvancedPersistentConfigTest] Verifying bob's properties
Aug. 02, 2025 1:54:06 PM de.happybavarian07.coolstufflib.utils.PluginFileLogger writeToLog
INFO: [AdvancedPersistentConfigTest] Loaded users: [alice.roles.1, bob.age, alice.age, alice.active, alice.roles.0, bob, bob.active, alice.name, alice.roles, bob.name, alice]
Aug. 02, 2025 1:54:06 PM de.happybavarian07.coolstufflib.utils.PluginFileLogger writeToLog
INFO: [AdvancedPersistentConfigTest] Loaded alice roles: [0, 1]
Aug. 02, 2025 1:54:06 PM de.happybavarian07.coolstufflib.utils.PluginFileLogger writeToLog
INFO: [AdvancedPersistentConfigTest] Loaded roles for alice: [admin, user]
]]></system-err>
  </testcase>
  <testcase name="testTypedAccessors" classname="de.happybavarian07.coolstufflib.configstuff.advanced.AdvancedPersistentConfigTest" time="0.003">
    <system-err><![CDATA[Aug. 02, 2025 1:54:06 PM de.happybavarian07.coolstufflib.utils.PluginFileLogger writeToLog
INFO: [AdvancedPersistentConfigTest] Running testTypedAccessors
Aug. 02, 2025 1:54:06 PM de.happybavarian07.coolstufflib.utils.PluginFileLogger writeToLog
WARNING: [ConfigFileHandler] File is empty: TestOutputs\AdvancedPersistentConfigTest\testTyped.properties
]]></system-err>
  </testcase>
  <testcase name="testFileIO" classname="de.happybavarian07.coolstufflib.configstuff.advanced.AdvancedPersistentConfigTest" time="0.008">
    <system-err><![CDATA[Aug. 02, 2025 1:54:06 PM de.happybavarian07.coolstufflib.utils.PluginFileLogger writeToLog
INFO: [AdvancedPersistentConfigTest] Running testFileIO
]]></system-err>
  </testcase>
  <testcase name="testFileTypeAutoDetection" classname="de.happybavarian07.coolstufflib.configstuff.advanced.AdvancedPersistentConfigTest" time="0.076">
    <system-err><![CDATA[Aug. 02, 2025 1:54:06 PM de.happybavarian07.coolstufflib.utils.PluginFileLogger writeToLog
INFO: [AdvancedPersistentConfigTest] Running testFileTypeAutoDetection
]]></system-err>
  </testcase>
  <testcase name="testReload" classname="de.happybavarian07.coolstufflib.configstuff.advanced.AdvancedPersistentConfigTest" time="0.025">
    <system-err><![CDATA[Aug. 02, 2025 1:54:06 PM de.happybavarian07.coolstufflib.utils.PluginFileLogger writeToLog
INFO: [AdvancedPersistentConfigTest] Running testReload
]]></system-err>
  </testcase>
  <testcase name="testSectionOperations" classname="de.happybavarian07.coolstufflib.configstuff.advanced.AdvancedPersistentConfigTest" time="0.003">
    <system-err><![CDATA[Aug. 02, 2025 1:54:06 PM de.happybavarian07.coolstufflib.utils.PluginFileLogger writeToLog
INFO: [AdvancedPersistentConfigTest] Running testSectionOperations
Aug. 02, 2025 1:54:06 PM de.happybavarian07.coolstufflib.utils.PluginFileLogger writeToLog
WARNING: [ConfigFileHandler] File is empty: TestOutputs\AdvancedPersistentConfigTest\testSections.properties
]]></system-err>
  </testcase>
  <testcase name="testNestedStructurePersistence" classname="de.happybavarian07.coolstufflib.configstuff.advanced.AdvancedPersistentConfigTest" time="0.012">
    <system-out><![CDATA[All Keys: [app, app.database.credentials.user, app.database.port, app.database.credentials.password, app.features.enabled.2, app.features.enabled.1, app.database.credentials, app.features.enabled, app.version, app.features, app.features.enabled.0, app.database.host, app.database, app.name]
Credentials Keys: [password, user]
]]></system-out>
    <system-err><![CDATA[Aug. 02, 2025 1:54:06 PM de.happybavarian07.coolstufflib.utils.PluginFileLogger writeToLog
INFO: [AdvancedPersistentConfigTest] Running testNestedStructurePersistence
]]></system-err>
  </testcase>
</testsuite>