<?xml version="1.0" encoding="UTF-8"?>
<testsuite xmlns:xsi="http://www.w3.org/2001/XMLSchema-instance" xsi:noNamespaceSchemaLocation="https://maven.apache.org/surefire/maven-surefire-plugin/xsd/surefire-test-report-3.0.xsd" version="3.0" name="de.happybavarian07.coolstufflib.configstuff.advanced.AdvancedInMemoryConfigTest" time="0.5" tests="12" errors="0" skipped="0" failures="0">
  <properties>
[...]
</properties>
  <testcase name="testCopyAndMerge" classname="de.happybavarian07.coolstufflib.configstuff.advanced.AdvancedInMemoryConfigTest" time="0.302">
    <system-out><![CDATA[Config1 after copy: {key1=value1, key2=newValue2, key3=value3, section1={nested=nestedValue}, section2={nested2=nestedValue2}}
Config2 after copy: {key2=newValue2, key3=value3, section2={nested2=nestedValue2}}
Config1 keys: [key1, key2, section1.nested, key3, section1, section2, section2.nested2]
Config2 keys: [key2, key3, section2, section2.nested2]
]]></system-out>
    <system-err><![CDATA[Sept. 20, 2025 2:38:29 PM de.happybavarian07.coolstufflib.utils.PluginFileLogger writeToLog
INFO: [AdvancedInMemoryConfigTest] Running testCopyAndMerge
]]></system-err>
  </testcase>
  <testcase name="testModuleRegistration" classname="de.happybavarian07.coolstufflib.configstuff.advanced.AdvancedInMemoryConfigTest" time="0.02">
    <system-err><![CDATA[Sept. 20, 2025 2:38:29 PM de.happybavarian07.coolstufflib.utils.PluginFileLogger writeToLog
INFO: [AdvancedInMemoryConfigTest] Running testModuleRegistration
]]></system-err>
  </testcase>
  <testcase name="testBasicCrudOperations" classname="de.happybavarian07.coolstufflib.configstuff.advanced.AdvancedInMemoryConfigTest" time="0.001">
    <system-err><![CDATA[Sept. 20, 2025 2:38:29 PM de.happybavarian07.coolstufflib.utils.PluginFileLogger writeToLog
INFO: [AdvancedInMemoryConfigTest] Running testBasicCrudOperations
]]></system-err>
  </testcase>
  <testcase name="testConfigMetadata" classname="de.happybavarian07.coolstufflib.configstuff.advanced.AdvancedInMemoryConfigTest" time="0.067">
    <system-err><![CDATA[Sept. 20, 2025 2:38:29 PM de.happybavarian07.coolstufflib.utils.PluginFileLogger writeToLog
INFO: [AdvancedInMemoryConfigTest] Running testConfigMetadata
]]></system-err>
  </testcase>
  <testcase name="testEventSystem" classname="de.happybavarian07.coolstufflib.configstuff.advanced.AdvancedInMemoryConfigTest" time="0.049">
    <system-err><![CDATA[Sept. 20, 2025 2:38:29 PM de.happybavarian07.coolstufflib.utils.PluginFileLogger writeToLog
INFO: [AdvancedInMemoryConfigTest] Running testEventSystem
]]></system-err>
  </testcase>
  <testcase name="testNestedStructure" classname="de.happybavarian07.coolstufflib.configstuff.advanced.AdvancedInMemoryConfigTest" time="0.005">
    <system-err><![CDATA[Sept. 20, 2025 2:38:29 PM de.happybavarian07.coolstufflib.utils.PluginFileLogger writeToLog
INFO: [AdvancedInMemoryConfigTest] Running testNestedStructure
]]></system-err>
  </testcase>
  <testcase name="testCommentSupport" classname="de.happybavarian07.coolstufflib.configstuff.advanced.AdvancedInMemoryConfigTest" time="0.002">
    <system-err><![CDATA[Sept. 20, 2025 2:38:29 PM de.happybavarian07.coolstufflib.utils.PluginFileLogger writeToLog
INFO: [AdvancedInMemoryConfigTest] Running testCommentSupport
]]></system-err>
  </testcase>
  <testcase name="testInMemoryLogic" classname="de.happybavarian07.coolstufflib.configstuff.advanced.AdvancedInMemoryConfigTest" time="0.001">
    <system-err><![CDATA[Sept. 20, 2025 2:38:29 PM de.happybavarian07.coolstufflib.utils.PluginFileLogger writeToLog
INFO: [AdvancedInMemoryConfigTest] Running testInMemoryLogic
]]></system-err>
  </testcase>
  <testcase name="testTypedValuesAndDefaults" classname="de.happybavarian07.coolstufflib.configstuff.advanced.AdvancedInMemoryConfigTest" time="0.004">
    <system-err><![CDATA[Sept. 20, 2025 2:38:29 PM de.happybavarian07.coolstufflib.utils.PluginFileLogger writeToLog
INFO: [AdvancedInMemoryConfigTest] Running testTypedValuesAndDefaults
Sept. 20, 2025 2:38:29 PM de.happybavarian07.coolstufflib.utils.PluginFileLogger writeToLog
INFO: [AdvancedInMemoryConfigTest] Config Keys: [boolean, string, double, list.1, list.0, integer, list.2, list]
Sept. 20, 2025 2:38:29 PM de.happybavarian07.coolstufflib.utils.PluginFileLogger writeToLog
INFO: [AdvancedInMemoryConfigTest] Config Sections: {list=de.happybavarian07.coolstufflib.configstuff.advanced.section.ListSection@2fd9fb34}
Sept. 20, 2025 2:38:29 PM de.happybavarian07.coolstufflib.utils.PluginFileLogger writeToLog
INFO: [AdvancedInMemoryConfigTest] Retrieved list: [a, b, c]
]]></system-err>
  </testcase>
  <testcase name="testSectionOperations" classname="de.happybavarian07.coolstufflib.configstuff.advanced.AdvancedInMemoryConfigTest" time="0.002">
    <system-err><![CDATA[Sept. 20, 2025 2:38:29 PM de.happybavarian07.coolstufflib.utils.PluginFileLogger writeToLog
INFO: [AdvancedInMemoryConfigTest] Running testSectionOperations
]]></system-err>
  </testcase>
  <testcase name="testSpecializedSectionTypes" classname="de.happybavarian07.coolstufflib.configstuff.advanced.AdvancedInMemoryConfigTest" time="0.027">
    <system-err><![CDATA[Sept. 20, 2025 2:38:29 PM de.happybavarian07.coolstufflib.utils.PluginFileLogger writeToLog
INFO: [AdvancedInMemoryConfigTest] Running testSpecializedSectionTypes
]]></system-err>
  </testcase>
  <testcase name="testOptionalValues" classname="de.happybavarian07.coolstufflib.configstuff.advanced.AdvancedInMemoryConfigTest" time="0.001">
    <system-err><![CDATA[Sept. 20, 2025 2:38:29 PM de.happybavarian07.coolstufflib.utils.PluginFileLogger writeToLog
INFO: [AdvancedInMemoryConfigTest] Running testOptionalValues
]]></system-err>
  </testcase>
</testsuite>