<?xml version="1.0" encoding="UTF-8"?>
<testsuite xmlns:xsi="http://www.w3.org/2001/XMLSchema-instance" xsi:noNamespaceSchemaLocation="https://maven.apache.org/surefire/maven-surefire-plugin/xsd/surefire-test-report-3.0.xsd" version="3.0" name="de.happybavarian07.coolstufflib.languagemanager.expressionengine.ExpressionEngineTest" time="0.393" tests="6" errors="0" skipped="0" failures="0">
  <properties>
[...]
</properties>
  <testcase name="testMaterialParsing" classname="de.happybavarian07.coolstufflib.languagemanager.expressionengine.ExpressionEngineTest" time="0.334"/>
  <testcase name="testConditionalChain" classname="de.happybavarian07.coolstufflib.languagemanager.expressionengine.ExpressionEngineTest" time="0.041">
    <system-out><![CDATA[[ExpressionEngine DEBUG] Evaluating: de.happybavarian07.coolstufflib.languagemanager.expressionengine.Parser$Expression$Binary@1b58ff9e
[ExpressionEngine DEBUG] Evaluating: de.happybavarian07.coolstufflib.languagemanager.expressionengine.Parser$Expression$Variable@2f66e802
[ExpressionEngine DEBUG] Result: 9
[ExpressionEngine DEBUG] Evaluating: de.happybavarian07.coolstufflib.languagemanager.expressionengine.Parser$Expression$Literal@56b78e55
[ExpressionEngine DEBUG] Result: 10.0
[ExpressionEngine DEBUG] Result: false
[ExpressionEngine DEBUG] Evaluating: de.happybavarian07.coolstufflib.languagemanager.expressionengine.Parser$Expression$Binary@7fe083b1
[ExpressionEngine DEBUG] Evaluating: de.happybavarian07.coolstufflib.languagemanager.expressionengine.Parser$Expression$Variable@23c388c2
[ExpressionEngine DEBUG] Result: 9
[ExpressionEngine DEBUG] Evaluating: de.happybavarian07.coolstufflib.languagemanager.expressionengine.Parser$Expression$Literal@486be205
[ExpressionEngine DEBUG] Result: 5.0
[ExpressionEngine DEBUG] Result: true
[ExpressionEngine DEBUG] Evaluating: de.happybavarian07.coolstufflib.languagemanager.expressionengine.Parser$Expression$Call@f713686
[ExpressionEngine DEBUG] Evaluating: de.happybavarian07.coolstufflib.languagemanager.expressionengine.Parser$Expression$Literal@74f7d1d2
[ExpressionEngine DEBUG] Result: medium
[ExpressionEngine DEBUG] Result: medium
[ExpressionEngine DEBUG] Evaluating: de.happybavarian07.coolstufflib.languagemanager.expressionengine.Parser$Expression$Binary@4b4dd216
[ExpressionEngine DEBUG] Evaluating: de.happybavarian07.coolstufflib.languagemanager.expressionengine.Parser$Expression$Variable@5ca17ab0
[ExpressionEngine DEBUG] Result: 4
[ExpressionEngine DEBUG] Evaluating: de.happybavarian07.coolstufflib.languagemanager.expressionengine.Parser$Expression$Literal@5a62b2a4
[ExpressionEngine DEBUG] Result: 10.0
[ExpressionEngine DEBUG] Result: false
[ExpressionEngine DEBUG] Evaluating: de.happybavarian07.coolstufflib.languagemanager.expressionengine.Parser$Expression$Binary@1051817b
[ExpressionEngine DEBUG] Evaluating: de.happybavarian07.coolstufflib.languagemanager.expressionengine.Parser$Expression$Variable@35293c05
[ExpressionEngine DEBUG] Result: 4
[ExpressionEngine DEBUG] Evaluating: de.happybavarian07.coolstufflib.languagemanager.expressionengine.Parser$Expression$Literal@620aa4ea
[ExpressionEngine DEBUG] Result: 5.0
[ExpressionEngine DEBUG] Result: false
[ExpressionEngine DEBUG] Evaluating: de.happybavarian07.coolstufflib.languagemanager.expressionengine.Parser$Expression$Call@2db2dd9d
[ExpressionEngine DEBUG] Evaluating: de.happybavarian07.coolstufflib.languagemanager.expressionengine.Parser$Expression$Literal@3174cb09
[ExpressionEngine DEBUG] Result: small
[ExpressionEngine DEBUG] Result: small
[ExpressionEngine DEBUG] Evaluating: de.happybavarian07.coolstufflib.languagemanager.expressionengine.Parser$Expression$Binary@4d411036
[ExpressionEngine DEBUG] Evaluating: de.happybavarian07.coolstufflib.languagemanager.expressionengine.Parser$Expression$Variable@7adbd080
[ExpressionEngine DEBUG] Result: 11
[ExpressionEngine DEBUG] Evaluating: de.happybavarian07.coolstufflib.languagemanager.expressionengine.Parser$Expression$Literal@41beb473
[ExpressionEngine DEBUG] Result: 10.0
[ExpressionEngine DEBUG] Result: true
[ExpressionEngine DEBUG] Evaluating: de.happybavarian07.coolstufflib.languagemanager.expressionengine.Parser$Expression$Call@560513ce
[ExpressionEngine DEBUG] Evaluating: de.happybavarian07.coolstufflib.languagemanager.expressionengine.Parser$Expression$Literal@13006998
[ExpressionEngine DEBUG] Result: big
[ExpressionEngine DEBUG] Result: big
]]></system-out>
  </testcase>
  <testcase name="testBasicMath" classname="de.happybavarian07.coolstufflib.languagemanager.expressionengine.ExpressionEngineTest" time="0.001">
    <system-out><![CDATA[[ExpressionEngine DEBUG] Evaluating: de.happybavarian07.coolstufflib.languagemanager.expressionengine.Parser$Expression$Binary@37fbe4a8
[ExpressionEngine DEBUG] Evaluating: de.happybavarian07.coolstufflib.languagemanager.expressionengine.Parser$Expression$Literal@352c308
[ExpressionEngine DEBUG] Result: 1.0
[ExpressionEngine DEBUG] Evaluating: de.happybavarian07.coolstufflib.languagemanager.expressionengine.Parser$Expression$Binary@7d373bcf
[ExpressionEngine DEBUG] Evaluating: de.happybavarian07.coolstufflib.languagemanager.expressionengine.Parser$Expression$Literal@6d6bc158
[ExpressionEngine DEBUG] Result: 2.0
[ExpressionEngine DEBUG] Evaluating: de.happybavarian07.coolstufflib.languagemanager.expressionengine.Parser$Expression$Literal@5dda6f9
[ExpressionEngine DEBUG] Result: 3.0
[ExpressionEngine DEBUG] Result: 6.0
[ExpressionEngine DEBUG] Result: 7.0
]]></system-out>
  </testcase>
  <testcase name="testVariables" classname="de.happybavarian07.coolstufflib.languagemanager.expressionengine.ExpressionEngineTest" time="0.0">
    <system-out><![CDATA[[ExpressionEngine DEBUG] Evaluating: de.happybavarian07.coolstufflib.languagemanager.expressionengine.Parser$Expression$Binary@10027fc9
[ExpressionEngine DEBUG] Evaluating: de.happybavarian07.coolstufflib.languagemanager.expressionengine.Parser$Expression$Variable@54afd745
[ExpressionEngine DEBUG] Result: 4
[ExpressionEngine DEBUG] Evaluating: de.happybavarian07.coolstufflib.languagemanager.expressionengine.Parser$Expression$Variable@677dbd89
[ExpressionEngine DEBUG] Result: 4
[ExpressionEngine DEBUG] Result: 16.0
]]></system-out>
  </testcase>
  <testcase name="testTypeInference" classname="de.happybavarian07.coolstufflib.languagemanager.expressionengine.ExpressionEngineTest" time="0.011">
    <system-out><![CDATA[[ExpressionEngine DEBUG] Evaluating: de.happybavarian07.coolstufflib.languagemanager.expressionengine.Parser$Expression$Call@c00fff0
[ExpressionEngine DEBUG] Evaluating: de.happybavarian07.coolstufflib.languagemanager.expressionengine.Parser$Expression$Call@263f04ca
[ExpressionEngine DEBUG] Evaluating: de.happybavarian07.coolstufflib.languagemanager.expressionengine.Parser$Expression$Literal@2ca47471
[ExpressionEngine DEBUG] Result: true
[ExpressionEngine DEBUG] Result: true
[ExpressionEngine DEBUG] Result: true
]]></system-out>
  </testcase>
  <testcase name="testFunction" classname="de.happybavarian07.coolstufflib.languagemanager.expressionengine.ExpressionEngineTest" time="0.003">
    <system-out><![CDATA[[ExpressionEngine DEBUG] Evaluating: de.happybavarian07.coolstufflib.languagemanager.expressionengine.Parser$Expression$Call@b93aad
[ExpressionEngine DEBUG] Evaluating: de.happybavarian07.coolstufflib.languagemanager.expressionengine.Parser$Expression$Variable@4a9419d7
[ExpressionEngine DEBUG] Result: 2.0
[ExpressionEngine DEBUG] Result: 4.0
[ExpressionEngine DEBUG] Evaluating: de.happybavarian07.coolstufflib.languagemanager.expressionengine.Parser$Expression$Call@2f3c6ac4
[ExpressionEngine DEBUG] Evaluating: de.happybavarian07.coolstufflib.languagemanager.expressionengine.Parser$Expression$Variable@2e8ab815
[ExpressionEngine DEBUG] Result: 4.0
[ExpressionEngine DEBUG] Result: 8.0
[ExpressionEngine DEBUG] Evaluating: de.happybavarian07.coolstufflib.languagemanager.expressionengine.Parser$Expression$Call@67af833b
[ExpressionEngine DEBUG] Evaluating: de.happybavarian07.coolstufflib.languagemanager.expressionengine.Parser$Expression$Variable@d1f74b8
[ExpressionEngine DEBUG] Result: 8.0
[ExpressionEngine DEBUG] Result: 16.0
[ExpressionEngine DEBUG] Evaluating: de.happybavarian07.coolstufflib.languagemanager.expressionengine.Parser$Expression$Call@41394595
[ExpressionEngine DEBUG] Evaluating: de.happybavarian07.coolstufflib.languagemanager.expressionengine.Parser$Expression$Variable@3a0807b7
[ExpressionEngine DEBUG] Result: 16.0
[ExpressionEngine DEBUG] Result: 32.0
[ExpressionEngine DEBUG] Evaluating: de.happybavarian07.coolstufflib.languagemanager.expressionengine.Parser$Expression$Call@21a5fd96
[ExpressionEngine DEBUG] Evaluating: de.happybavarian07.coolstufflib.languagemanager.expressionengine.Parser$Expression$Variable@5769e7ae
[ExpressionEngine DEBUG] Result: 32.0
[ExpressionEngine DEBUG] Result: 64.0
[ExpressionEngine DEBUG] Evaluating: de.happybavarian07.coolstufflib.languagemanager.expressionengine.Parser$Expression$Call@5c77053b
[ExpressionEngine DEBUG] Evaluating: de.happybavarian07.coolstufflib.languagemanager.expressionengine.Parser$Expression$Variable@26b894bd
[ExpressionEngine DEBUG] Result: 64.0
[ExpressionEngine DEBUG] Result: 128.0
[ExpressionEngine DEBUG] Evaluating: de.happybavarian07.coolstufflib.languagemanager.expressionengine.Parser$Expression$Call@287f94b1
[ExpressionEngine DEBUG] Evaluating: de.happybavarian07.coolstufflib.languagemanager.expressionengine.Parser$Expression$Variable@30b34287
[ExpressionEngine DEBUG] Result: 128.0
[ExpressionEngine DEBUG] Result: 256.0
[ExpressionEngine DEBUG] Evaluating: de.happybavarian07.coolstufflib.languagemanager.expressionengine.Parser$Expression$Call@5489c777
[ExpressionEngine DEBUG] Evaluating: de.happybavarian07.coolstufflib.languagemanager.expressionengine.Parser$Expression$Variable@3676ac27
[ExpressionEngine DEBUG] Result: 256.0
[ExpressionEngine DEBUG] Result: 512.0
[ExpressionEngine DEBUG] Evaluating: de.happybavarian07.coolstufflib.languagemanager.expressionengine.Parser$Expression$Call@62f87c44
[ExpressionEngine DEBUG] Evaluating: de.happybavarian07.coolstufflib.languagemanager.expressionengine.Parser$Expression$Variable@48f5bde6
[ExpressionEngine DEBUG] Result: 512.0
[ExpressionEngine DEBUG] Result: 1024.0
[ExpressionEngine DEBUG] Evaluating: de.happybavarian07.coolstufflib.languagemanager.expressionengine.Parser$Expression$Call@525d79f0
[ExpressionEngine DEBUG] Evaluating: de.happybavarian07.coolstufflib.languagemanager.expressionengine.Parser$Expression$Variable@5149f008
[ExpressionEngine DEBUG] Result: 1024.0
[ExpressionEngine DEBUG] Result: 2048.0
[ExpressionEngine DEBUG] Evaluating: de.happybavarian07.coolstufflib.languagemanager.expressionengine.Parser$Expression$Call@7072bc39
[ExpressionEngine DEBUG] Evaluating: de.happybavarian07.coolstufflib.languagemanager.expressionengine.Parser$Expression$Call@158d255c
[ExpressionEngine DEBUG] Evaluating: de.happybavarian07.coolstufflib.languagemanager.expressionengine.Parser$Expression$Variable@2ca65ce4
[ExpressionEngine DEBUG] Result: 2.0
[ExpressionEngine DEBUG] Result: 4.0
[ExpressionEngine DEBUG] Result: 8.0
[ExpressionEngine DEBUG] Evaluating: de.happybavarian07.coolstufflib.languagemanager.expressionengine.Parser$Expression$Call@327120c8
[ExpressionEngine DEBUG] Evaluating: de.happybavarian07.coolstufflib.languagemanager.expressionengine.Parser$Expression$Call@5707c1cb
[ExpressionEngine DEBUG] Evaluating: de.happybavarian07.coolstufflib.languagemanager.expressionengine.Parser$Expression$Variable@2b5cb9b2
[ExpressionEngine DEBUG] Result: 8.0
[ExpressionEngine DEBUG] Result: 64.0
[ExpressionEngine DEBUG] Result: 128.0
[ExpressionEngine DEBUG] Evaluating: de.happybavarian07.coolstufflib.languagemanager.expressionengine.Parser$Expression$Call@35038141
[ExpressionEngine DEBUG] Evaluating: de.happybavarian07.coolstufflib.languagemanager.expressionengine.Parser$Expression$Call@ecf9049
[ExpressionEngine DEBUG] Evaluating: de.happybavarian07.coolstufflib.languagemanager.expressionengine.Parser$Expression$Variable@672f11c2
[ExpressionEngine DEBUG] Result: 128.0
[ExpressionEngine DEBUG] Result: 16384.0
[ExpressionEngine DEBUG] Result: 32768.0
[ExpressionEngine DEBUG] Evaluating: de.happybavarian07.coolstufflib.languagemanager.expressionengine.Parser$Expression$Call@2970a5bc
[ExpressionEngine DEBUG] Evaluating: de.happybavarian07.coolstufflib.languagemanager.expressionengine.Parser$Expression$Call@50305a
[ExpressionEngine DEBUG] Evaluating: de.happybavarian07.coolstufflib.languagemanager.expressionengine.Parser$Expression$Variable@72efb5c1
[ExpressionEngine DEBUG] Result: 32768.0
[ExpressionEngine DEBUG] Result: 1.073741824E9
[ExpressionEngine DEBUG] Result: 2.147483648E9
[ExpressionEngine DEBUG] Evaluating: de.happybavarian07.coolstufflib.languagemanager.expressionengine.Parser$Expression$Call@6d511b5f
[ExpressionEngine DEBUG] Evaluating: de.happybavarian07.coolstufflib.languagemanager.expressionengine.Parser$Expression$Call@41200e0c
[ExpressionEngine DEBUG] Evaluating: de.happybavarian07.coolstufflib.languagemanager.expressionengine.Parser$Expression$Variable@40f33492
[ExpressionEngine DEBUG] Result: 2.147483648E9
[ExpressionEngine DEBUG] Result: 4.6116860184273879E18
[ExpressionEngine DEBUG] Result: 9.223372036854776E18
[ExpressionEngine DEBUG] Evaluating: de.happybavarian07.coolstufflib.languagemanager.expressionengine.Parser$Expression$Call@4fbdc0f0
[ExpressionEngine DEBUG] Evaluating: de.happybavarian07.coolstufflib.languagemanager.expressionengine.Parser$Expression$Call@2ad3a1bb
[ExpressionEngine DEBUG] Evaluating: de.happybavarian07.coolstufflib.languagemanager.expressionengine.Parser$Expression$Variable@6bc28a83
[ExpressionEngine DEBUG] Result: 9.223372036854776E18
[ExpressionEngine DEBUG] Result: 8.507059173023462E37
[ExpressionEngine DEBUG] Result: 1.7014118346046923E38
[ExpressionEngine DEBUG] Evaluating: de.happybavarian07.coolstufflib.languagemanager.expressionengine.Parser$Expression$Call@324c64cd
[ExpressionEngine DEBUG] Evaluating: de.happybavarian07.coolstufflib.languagemanager.expressionengine.Parser$Expression$Call@13579834
[ExpressionEngine DEBUG] Evaluating: de.happybavarian07.coolstufflib.languagemanager.expressionengine.Parser$Expression$Variable@24be2d9c
[ExpressionEngine DEBUG] Result: 1.7014118346046923E38
[ExpressionEngine DEBUG] Result: 2.894802230932905E76
[ExpressionEngine DEBUG] Result: 5.78960446186581E76
[ExpressionEngine DEBUG] Evaluating: de.happybavarian07.coolstufflib.languagemanager.expressionengine.Parser$Expression$Call@5bd73d1a
[ExpressionEngine DEBUG] Evaluating: de.happybavarian07.coolstufflib.languagemanager.expressionengine.Parser$Expression$Call@aec50a1
[ExpressionEngine DEBUG] Evaluating: de.happybavarian07.coolstufflib.languagemanager.expressionengine.Parser$Expression$Variable@2555fff0
[ExpressionEngine DEBUG] Result: 5.78960446186581E76
[ExpressionEngine DEBUG] Result: 3.3519519824856493E153
[ExpressionEngine DEBUG] Result: 6.7039039649712985E153
[ExpressionEngine DEBUG] Evaluating: de.happybavarian07.coolstufflib.languagemanager.expressionengine.Parser$Expression$Call@70d2e40b
[ExpressionEngine DEBUG] Evaluating: de.happybavarian07.coolstufflib.languagemanager.expressionengine.Parser$Expression$Call@120f38e6
[ExpressionEngine DEBUG] Evaluating: de.happybavarian07.coolstufflib.languagemanager.expressionengine.Parser$Expression$Variable@7a0e1b5e
[ExpressionEngine DEBUG] Result: 6.7039039649712985E153
[ExpressionEngine DEBUG] Result: 4.49423283715579E307
[ExpressionEngine DEBUG] Result: 8.98846567431158E307
[ExpressionEngine DEBUG] Evaluating: de.happybavarian07.coolstufflib.languagemanager.expressionengine.Parser$Expression$Call@702ed190
[ExpressionEngine DEBUG] Evaluating: de.happybavarian07.coolstufflib.languagemanager.expressionengine.Parser$Expression$Call@173b9122
[ExpressionEngine DEBUG] Evaluating: de.happybavarian07.coolstufflib.languagemanager.expressionengine.Parser$Expression$Variable@7c18432b
[ExpressionEngine DEBUG] Result: 8.98846567431158E307
[ExpressionEngine DEBUG] Result: Infinity
[ExpressionEngine DEBUG] Result: Infinity
]]></system-out>
  </testcase>
</testsuite>