<?xml version="1.0" encoding="UTF-8"?>
<testsuite xmlns:xsi="http://www.w3.org/2001/XMLSchema-instance" xsi:noNamespaceSchemaLocation="https://maven.apache.org/surefire/maven-surefire-plugin/xsd/surefire-test-report-3.0.xsd" version="3.0" name="de.happybavarian07.coolstufflib.configstuff.advanced.modules.PersistentBackupModuleTest" time="0.032" tests="5" errors="0" skipped="0" failures="0">
  <properties>
[...]
</properties>
  <testcase name="testBackupCreation" classname="de.happybavarian07.coolstufflib.configstuff.advanced.modules.PersistentBackupModuleTest" time="0.005">
    <system-out><![CDATA[E:\InteliJ Programs\CoolStuffLib\PersistentBackupModuleTest
]]></system-out>
  </testcase>
  <testcase name="testRestore" classname="de.happybavarian07.coolstufflib.configstuff.advanced.modules.PersistentBackupModuleTest" time="0.009"/>
  <testcase name="testDelete" classname="de.happybavarian07.coolstufflib.configstuff.advanced.modules.PersistentBackupModuleTest" time="0.004"/>
  <testcase name="testIntegrationWithBackupManager" classname="de.happybavarian07.coolstufflib.configstuff.advanced.modules.PersistentBackupModuleTest" time="0.005"/>
  <testcase name="testModuleLifecycle" classname="de.happybavarian07.coolstufflib.configstuff.advanced.modules.PersistentBackupModuleTest" time="0.003"/>
</testsuite>